[0.000000] (-) TimerEvent: {}
[0.000336] (ros1_bridge) JobQueued: {'identifier': 'ros1_bridge', 'dependencies': OrderedDict()}
[0.001067] (ros1_bridge) JobStarted: {'identifier': 'ros1_bridge'}
[0.011612] (ros1_bridge) JobProgress: {'identifier': 'ros1_bridge', 'progress': 'cmake'}
[0.012194] (ros1_bridge) Command: {'cmd': ['/usr/bin/cmake', '/home/bonato/Documents/Optitrack_ROS2/src/Ros2_ws/src/ros1_bridge', '-DCMAKE_INSTALL_PREFIX=/home/bonato/Documents/Optitrack_ROS2/src/Ros2_ws/install/ros1_bridge'], 'cwd': '/home/bonato/Documents/Optitrack_ROS2/src/Ros2_ws/build/ros1_bridge', 'env': OrderedDict([('GJS_DEBUG_TOPICS', 'JS ERROR;JS LOG'), ('LESSOPEN', '| /usr/bin/lesspipe %s'), ('USER', 'bonato'), ('LC_TIME', 'de_CH.UTF-8'), ('SSH_AGENT_PID', '1205'), ('ROS_PACKAGE_PATH', '/opt/ros/noetic/share'), ('XDG_SESSION_TYPE', 'x11'), ('ROS_ETC_DIR', '/opt/ros/noetic/etc/ros'), ('SHLVL', '1'), ('LD_LIBRARY_PATH', '/opt/ros/foxy/opt/yaml_cpp_vendor/lib:/opt/ros/foxy/opt/rviz_ogre_vendor/lib:/opt/ros/foxy/lib/x86_64-linux-gnu:/opt/ros/foxy/lib:/opt/ros/noetic/lib:/opt/ros/noetic/lib/x86_64-linux-gnu'), ('HOME', '/home/bonato'), ('OLDPWD', '/home/bonato/Documents/Optitrack_ROS2/src/Ros2_ws/src'), ('DESKTOP_SESSION', 'ubuntu'), ('ROS_PYTHON_VERSION', '3'), ('GNOME_SHELL_SESSION_MODE', 'ubuntu'), ('GTK_MODULES', 'gail:atk-bridge'), ('LC_MONETARY', 'de_CH.UTF-8'), ('MANAGERPID', '938'), ('DBUS_SESSION_BUS_ADDRESS', 'unix:path=/run/user/1000/bus'), ('COLORTERM', 'truecolor'), ('IM_CONFIG_PHASE', '1'), ('ROS_DISTRO', 'foxy'), ('LOGNAME', 'bonato'), ('JOURNAL_STREAM', '8:36237'), ('_', '/usr/bin/colcon'), ('ROS_VERSION', '2'), ('PKG_CONFIG_PATH', '/opt/ros/noetic/lib/pkgconfig:/opt/ros/noetic/lib/x86_64-linux-gnu/pkgconfig'), ('XDG_SESSION_CLASS', 'user'), ('USERNAME', 'bonato'), ('TERM', 'xterm-256color'), ('GNOME_DESKTOP_SESSION_ID', 'this-is-deprecated'), ('ROS_LOCALHOST_ONLY', '0'), ('WINDOWPATH', '2'), ('PATH', '/opt/ros/foxy/bin:/opt/ros/noetic/bin:/usr/local/sbin:/usr/local/bin:/usr/sbin:/usr/bin:/sbin:/bin:/usr/games:/usr/local/games:/snap/bin'), ('SESSION_MANAGER', 'local/bonato-Precision-Tower-3620:@/tmp/.ICE-unix/1240,unix/bonato-Precision-Tower-3620:/tmp/.ICE-unix/1240'), ('INVOCATION_ID', '367780f757e54d6e98be57f554827b4c'), ('XDG_MENU_PREFIX', 'gnome-'), ('LC_ADDRESS', 'de_CH.UTF-8'), ('GNOME_TERMINAL_SCREEN', '/org/gnome/Terminal/screen/2410deb8_408a_4072_ac1e_5dd465c6fb11'), ('XDG_RUNTIME_DIR', '/run/user/1000'), ('DISPLAY', ':0'), ('LANG', 'en_US.UTF-8'), ('XDG_CURRENT_DESKTOP', 'ubuntu:GNOME'), ('LC_TELEPHONE', 'de_CH.UTF-8'), ('XMODIFIERS', '@im=ibus'), ('ROSLISP_PACKAGE_DIRECTORIES', ''), ('XDG_SESSION_DESKTOP', 'ubuntu'), ('XAUTHORITY', '/run/user/1000/gdm/Xauthority'), ('LS_COLORS', 'rs=0:di=01;34:ln=01;36:mh=00:pi=40;33:so=01;35:do=01;35:bd=40;33;01:cd=40;33;01:or=40;31;01:mi=00:su=37;41:sg=30;43:ca=30;41:tw=30;42:ow=34;42:st=37;44:ex=01;32:*.tar=01;31:*.tgz=01;31:*.arc=01;31:*.arj=01;31:*.taz=01;31:*.lha=01;31:*.lz4=01;31:*.lzh=01;31:*.lzma=01;31:*.tlz=01;31:*.txz=01;31:*.tzo=01;31:*.t7z=01;31:*.zip=01;31:*.z=01;31:*.dz=01;31:*.gz=01;31:*.lrz=01;31:*.lz=01;31:*.lzo=01;31:*.xz=01;31:*.zst=01;31:*.tzst=01;31:*.bz2=01;31:*.bz=01;31:*.tbz=01;31:*.tbz2=01;31:*.tz=01;31:*.deb=01;31:*.rpm=01;31:*.jar=01;31:*.war=01;31:*.ear=01;31:*.sar=01;31:*.rar=01;31:*.alz=01;31:*.ace=01;31:*.zoo=01;31:*.cpio=01;31:*.7z=01;31:*.rz=01;31:*.cab=01;31:*.wim=01;31:*.swm=01;31:*.dwm=01;31:*.esd=01;31:*.jpg=01;35:*.jpeg=01;35:*.mjpg=01;35:*.mjpeg=01;35:*.gif=01;35:*.bmp=01;35:*.pbm=01;35:*.pgm=01;35:*.ppm=01;35:*.tga=01;35:*.xbm=01;35:*.xpm=01;35:*.tif=01;35:*.tiff=01;35:*.png=01;35:*.svg=01;35:*.svgz=01;35:*.mng=01;35:*.pcx=01;35:*.mov=01;35:*.mpg=01;35:*.mpeg=01;35:*.m2v=01;35:*.mkv=01;35:*.webm=01;35:*.ogm=01;35:*.mp4=01;35:*.m4v=01;35:*.mp4v=01;35:*.vob=01;35:*.qt=01;35:*.nuv=01;35:*.wmv=01;35:*.asf=01;35:*.rm=01;35:*.rmvb=01;35:*.flc=01;35:*.avi=01;35:*.fli=01;35:*.flv=01;35:*.gl=01;35:*.dl=01;35:*.xcf=01;35:*.xwd=01;35:*.yuv=01;35:*.cgm=01;35:*.emf=01;35:*.ogv=01;35:*.ogx=01;35:*.aac=00;36:*.au=00;36:*.flac=00;36:*.m4a=00;36:*.mid=00;36:*.midi=00;36:*.mka=00;36:*.mp3=00;36:*.mpc=00;36:*.ogg=00;36:*.ra=00;36:*.wav=00;36:*.oga=00;36:*.opus=00;36:*.spx=00;36:*.xspf=00;36:'), ('GNOME_TERMINAL_SERVICE', ':1.88'), ('ROS_ROOT', '/opt/ros/noetic/share/ros'), ('SSH_AUTH_SOCK', '/run/user/1000/keyring/ssh'), ('AMENT_PREFIX_PATH', '/opt/ros/foxy'), ('SHELL', '/bin/bash'), ('LC_NAME', 'de_CH.UTF-8'), ('QT_ACCESSIBILITY', '1'), ('ROS_MASTER_URI', 'http://localhost:11311'), ('GDMSESSION', 'ubuntu'), ('LESSCLOSE', '/usr/bin/lesspipe %s %s'), ('LC_MEASUREMENT', 'de_CH.UTF-8'), ('GPG_AGENT_INFO', '/run/user/1000/gnupg/S.gpg-agent:0:1'), ('GJS_DEBUG_OUTPUT', 'stderr'), ('LC_IDENTIFICATION', 'de_CH.UTF-8'), ('QT_IM_MODULE', 'ibus'), ('PWD', '/home/bonato/Documents/Optitrack_ROS2/src/Ros2_ws/build/ros1_bridge'), ('LC_ALL', 'en_US.UTF-8'), ('XDG_CONFIG_DIRS', '/etc/xdg/xdg-ubuntu:/etc/xdg'), ('XDG_DATA_DIRS', '/usr/share/ubuntu:/usr/local/share/:/usr/share/:/var/lib/snapd/desktop'), ('PYTHONPATH', '/opt/ros/foxy/lib/python3.8/site-packages:/opt/ros/noetic/lib/python3/dist-packages'), ('LC_NUMERIC', 'de_CH.UTF-8'), ('LC_PAPER', 'de_CH.UTF-8'), ('COLCON', '1'), ('VTE_VERSION', '6003'), ('CMAKE_PREFIX_PATH', '/opt/ros/foxy:/opt/ros/noetic')]), 'shell': False}
[0.100155] (-) TimerEvent: {}
[0.200704] (-) TimerEvent: {}
[0.278202] (ros1_bridge) StdoutLine: {'line': b'-- The C compiler identification is GNU 9.4.0\n'}
[0.300811] (-) TimerEvent: {}
[0.401125] (-) TimerEvent: {}
[0.495528] (ros1_bridge) StdoutLine: {'line': b'-- The CXX compiler identification is GNU 9.4.0\n'}
[0.501204] (-) TimerEvent: {}
[0.503410] (ros1_bridge) StdoutLine: {'line': b'-- Check for working C compiler: /usr/bin/cc\n'}
[0.563645] (ros1_bridge) StdoutLine: {'line': b'-- Check for working C compiler: /usr/bin/cc -- works\n'}
[0.564995] (ros1_bridge) StdoutLine: {'line': b'-- Detecting C compiler ABI info\n'}
[0.601320] (-) TimerEvent: {}
[0.625147] (ros1_bridge) StdoutLine: {'line': b'-- Detecting C compiler ABI info - done\n'}
[0.634982] (ros1_bridge) StdoutLine: {'line': b'-- Detecting C compile features\n'}
[0.635515] (ros1_bridge) StdoutLine: {'line': b'-- Detecting C compile features - done\n'}
[0.638382] (ros1_bridge) StdoutLine: {'line': b'-- Check for working CXX compiler: /usr/bin/c++\n'}
[0.701435] (-) TimerEvent: {}
[0.706533] (ros1_bridge) StdoutLine: {'line': b'-- Check for working CXX compiler: /usr/bin/c++ -- works\n'}
[0.707507] (ros1_bridge) StdoutLine: {'line': b'-- Detecting CXX compiler ABI info\n'}
[0.775719] (ros1_bridge) StdoutLine: {'line': b'-- Detecting CXX compiler ABI info - done\n'}
[0.785548] (ros1_bridge) StdoutLine: {'line': b'-- Detecting CXX compile features\n'}
[0.786045] (ros1_bridge) StdoutLine: {'line': b'-- Detecting CXX compile features - done\n'}
[0.789126] (ros1_bridge) StdoutLine: {'line': b'-- Found rmw: 1.0.3 (/opt/ros/foxy/share/rmw/cmake)\n'}
[0.801532] (-) TimerEvent: {}
[0.813700] (ros1_bridge) StdoutLine: {'line': b'-- Found PythonInterp: /usr/bin/python3 (found suitable version "3.8.10", minimum required is "3") \n'}
[0.813913] (ros1_bridge) StdoutLine: {'line': b'-- Using PYTHON_EXECUTABLE: /usr/bin/python3\n'}
[0.901638] (-) TimerEvent: {}
[1.001840] (-) TimerEvent: {}
[1.042353] (ros1_bridge) StdoutLine: {'line': b'-- Found rclcpp: 2.4.2 (/opt/ros/foxy/share/rclcpp/cmake)\n'}
[1.075342] (ros1_bridge) StdoutLine: {'line': b'-- Using all available rosidl_typesupport_c: rosidl_typesupport_fastrtps_c;rosidl_typesupport_introspection_c\n'}
[1.083939] (ros1_bridge) StdoutLine: {'line': b'-- Found rosidl_adapter: 1.3.0 (/opt/ros/foxy/share/rosidl_adapter/cmake)\n'}
[1.101908] (-) TimerEvent: {}
[1.176125] (ros1_bridge) StdoutLine: {'line': b'-- Found OpenSSL: /usr/lib/x86_64-linux-gnu/libcrypto.so (found version "1.1.1f")  \n'}
[1.202021] (-) TimerEvent: {}
[1.203887] (ros1_bridge) StdoutLine: {'line': b'-- Found FastRTPS: /opt/ros/foxy/include  \n'}
[1.273139] (ros1_bridge) StdoutLine: {'line': b'-- Using all available rosidl_typesupport_cpp: rosidl_typesupport_fastrtps_cpp;rosidl_typesupport_introspection_cpp\n'}
[1.302108] (-) TimerEvent: {}
[1.333541] (ros1_bridge) StdoutLine: {'line': b'-- Found rmw_implementation_cmake: 1.0.3 (/opt/ros/foxy/share/rmw_implementation_cmake/cmake)\n'}
[1.335984] (ros1_bridge) StdoutLine: {'line': b"-- Using RMW implementation 'rmw_fastrtps_cpp' as default\n"}
[1.337695] (ros1_bridge) StdoutLine: {'line': b'-- Looking for pthread.h\n'}
[1.402222] (-) TimerEvent: {}
[1.406032] (ros1_bridge) StdoutLine: {'line': b'-- Looking for pthread.h - found\n'}
[1.406269] (ros1_bridge) StdoutLine: {'line': b'-- Performing Test CMAKE_HAVE_LIBC_PTHREAD\n'}
[1.469650] (ros1_bridge) StdoutLine: {'line': b'-- Performing Test CMAKE_HAVE_LIBC_PTHREAD - Failed\n'}
[1.469878] (ros1_bridge) StdoutLine: {'line': b'-- Looking for pthread_create in pthreads\n'}
[1.502321] (-) TimerEvent: {}
[1.521727] (ros1_bridge) StdoutLine: {'line': b'-- Looking for pthread_create in pthreads - not found\n'}
[1.521953] (ros1_bridge) StdoutLine: {'line': b'-- Looking for pthread_create in pthread\n'}
[1.581644] (ros1_bridge) StdoutLine: {'line': b'-- Looking for pthread_create in pthread - found\n'}
[1.582601] (ros1_bridge) StdoutLine: {'line': b'-- Found Threads: TRUE  \n'}
[1.602413] (-) TimerEvent: {}
[1.702667] (-) TimerEvent: {}
[1.745193] (ros1_bridge) StdoutLine: {'line': b'-- Found PkgConfig: /usr/bin/pkg-config (found version "0.29.1") \n'}
[1.749647] (ros1_bridge) StdoutLine: {'line': b"-- Checking for module 'roscpp'\n"}
[1.767399] (ros1_bridge) StdoutLine: {'line': b'--   Found roscpp, version 1.16.0\n'}
[1.802773] (-) TimerEvent: {}
[1.815959] (ros1_bridge) StdoutLine: {'line': b"-- Checking for module 'std_msgs'\n"}
[1.831774] (ros1_bridge) StdoutLine: {'line': b'--   Found std_msgs, version 0.5.13\n'}
[1.902874] (-) TimerEvent: {}
[2.003118] (-) TimerEvent: {}
[2.103412] (-) TimerEvent: {}
[2.203679] (-) TimerEvent: {}
[2.304056] (-) TimerEvent: {}
[2.404303] (-) TimerEvent: {}
[2.504545] (-) TimerEvent: {}
[2.506562] (ros1_bridge) StdoutLine: {'line': b"-- Checking for module 'actionlib'\n"}
[2.523517] (ros1_bridge) StdoutLine: {'line': b'--   Found actionlib, version 1.14.0\n'}
[2.573877] (ros1_bridge) StdoutLine: {'line': b"-- Checking for module 'actionlib_msgs'\n"}
[2.589899] (ros1_bridge) StdoutLine: {'line': b'--   Found actionlib_msgs, version 1.13.1\n'}
[2.604652] (-) TimerEvent: {}
[2.635121] (ros1_bridge) StdoutLine: {'line': b"-- Checking for module 'actionlib_tutorials'\n"}
[2.652934] (ros1_bridge) StdoutLine: {'line': b'--   Found actionlib_tutorials, version 0.2.0\n'}
[2.703462] (ros1_bridge) StdoutLine: {'line': b"-- Checking for module 'bond'\n"}
[2.704750] (-) TimerEvent: {}
[2.721155] (ros1_bridge) StdoutLine: {'line': b'--   Found bond, version 1.8.6\n'}
[2.767116] (ros1_bridge) StdoutLine: {'line': b"-- Checking for module 'control_msgs'\n"}
[2.785032] (ros1_bridge) StdoutLine: {'line': b'--   Found control_msgs, version 1.5.2\n'}
[2.804868] (-) TimerEvent: {}
[2.831581] (ros1_bridge) StdoutLine: {'line': b"-- Checking for module 'controller_manager_msgs'\n"}
[2.849362] (ros1_bridge) StdoutLine: {'line': b'--   Found controller_manager_msgs, version 0.19.6\n'}
[2.894513] (ros1_bridge) StdoutLine: {'line': b"-- Checking for module 'diagnostic_msgs'\n"}
[2.905006] (-) TimerEvent: {}
[2.933938] (ros1_bridge) StdoutLine: {'line': b'--   Found diagnostic_msgs, version 1.13.1\n'}
[3.005161] (-) TimerEvent: {}
[3.050054] (ros1_bridge) StdoutLine: {'line': b"-- Checking for module 'dynamic_reconfigure'\n"}
[3.091525] (ros1_bridge) StdoutLine: {'line': b'--   Found dynamic_reconfigure, version 1.7.3\n'}
[3.105284] (-) TimerEvent: {}
[3.185306] (ros1_bridge) StdoutLine: {'line': b"-- Checking for module 'gazebo_msgs'\n"}
[3.205418] (-) TimerEvent: {}
[3.219334] (ros1_bridge) StdoutLine: {'line': b'--   Found gazebo_msgs, version 2.9.2\n'}
[3.305565] (-) TimerEvent: {}
[3.313136] (ros1_bridge) StdoutLine: {'line': b"-- Checking for module 'geometry_msgs'\n"}
[3.346509] (ros1_bridge) StdoutLine: {'line': b'--   Found geometry_msgs, version 1.13.1\n'}
[3.405707] (-) TimerEvent: {}
[3.437949] (ros1_bridge) StdoutLine: {'line': b"-- Checking for module 'map_msgs'\n"}
[3.472937] (ros1_bridge) StdoutLine: {'line': b'--   Found map_msgs, version 1.14.1\n'}
[3.505841] (-) TimerEvent: {}
[3.567338] (ros1_bridge) StdoutLine: {'line': b"-- Checking for module 'moveit_msgs'\n"}
[3.601973] (ros1_bridge) StdoutLine: {'line': b'--   Found moveit_msgs, version 0.11.4\n'}
[3.605956] (-) TimerEvent: {}
[3.700997] (ros1_bridge) StdoutLine: {'line': b"-- Checking for module 'nav_msgs'\n"}
[3.706118] (-) TimerEvent: {}
[3.734179] (ros1_bridge) StdoutLine: {'line': b'--   Found nav_msgs, version 1.13.1\n'}
[3.806266] (-) TimerEvent: {}
[3.828048] (ros1_bridge) StdoutLine: {'line': b"-- Checking for module 'object_recognition_msgs'\n"}
[3.861166] (ros1_bridge) StdoutLine: {'line': b'--   Found object_recognition_msgs, version 0.4.2\n'}
[3.906403] (-) TimerEvent: {}
[3.955918] (ros1_bridge) StdoutLine: {'line': b"-- Checking for module 'octomap_msgs'\n"}
[3.988379] (ros1_bridge) StdoutLine: {'line': b'--   Found octomap_msgs, version 0.3.5\n'}
[4.006530] (-) TimerEvent: {}
[4.014720] (ros1_bridge) CommandEnded: {'returncode': -2}
[4.021028] (ros1_bridge) StderrLine: {'line': b'Traceback (most recent call last):\n  File "/usr/lib/python3/dist-packages/colcon_parallel_executor/executor/parallel.py", line 67, in execute\n    loop.run_until_complete(future)\n  File "/usr/lib/python3.8/asyncio/base_events.py", line 603, in run_until_complete\n    self.run_forever()\n  File "/usr/lib/python3.8/asyncio/base_events.py", line 570, in run_forever\n    self._run_once()\n  File "/usr/lib/python3.8/asyncio/base_events.py", line 1823, in _run_once\n    event_list = self._selector.select(timeout)\n  File "/usr/lib/python3.8/selectors.py", line 468, in select\n    fd_event_list = self._selector.poll(timeout, max_ev)\nKeyboardInterrupt\n\nDuring handling of the above exception, another exception occurred:\n\nTraceback (most recent call last):\n  File "/usr/lib/python3/dist-packages/colcon_core/executor/__init__.py", line 91, in __call__\n    rc = await self.task(*args, **kwargs)\n  File "/usr/lib/python3/dist-packages/colcon_core/task/__init__.py", line 93, in __call__\n    return await task_method(*args, **kwargs)\n  File "/usr/lib/python3/dist-packages/colcon_ros/task/ament_cmake/build.py", line 59, in build\n    rc = await extension.build(\n  File "/usr/lib/python3/dist-packages/colcon_cmake/task/cmake/build.py", line 87, in build\n    rc = await self._reconfigure(args, env)\n  File "/usr/lib/python3/dist-packages/colcon_cmake/task/cmake/build.py", line 182, in _reconfigure\n    buildfile = get_buildfile(cmake_cache)\n  File "/usr/lib/python3/dist-packages/colcon_cmake/task/cmake/__init__.py", line 112, in get_buildfile\n    if \'Ninja\' in generator:\nTypeError: argument of type \'NoneType\' is not iterable\n'}
[4.021279] (ros1_bridge) JobEnded: {'identifier': 'ros1_bridge', 'rc': 'SIGINT'}
[4.032244] (-) EventReactorShutdown: {}
