[0.000000] (-) TimerEvent: {}
[0.000148] (ros1_bridge) JobQueued: {'identifier': 'ros1_bridge', 'dependencies': OrderedDict()}
[0.000268] (ros1_bridge) JobStarted: {'identifier': 'ros1_bridge'}
[0.010400] (ros1_bridge) JobProgress: {'identifier': 'ros1_bridge', 'progress': 'cmake'}
[0.010991] (ros1_bridge) Command: {'cmd': ['/usr/bin/cmake', '/home/bonato/Documents/Optitrack_ROS2/src/Ros2_ws/src/ros1_bridge', '-DCMAKE_INSTALL_PREFIX=/home/bonato/Documents/Optitrack_ROS2/src/Ros2_ws/install/ros1_bridge'], 'cwd': '/home/bonato/Documents/Optitrack_ROS2/src/Ros2_ws/build/ros1_bridge', 'env': OrderedDict([('GJS_DEBUG_TOPICS', 'JS ERROR;JS LOG'), ('LESSOPEN', '| /usr/bin/lesspipe %s'), ('USER', 'bonato'), ('LC_TIME', 'de_CH.UTF-8'), ('SSH_AGENT_PID', '1205'), ('ROS_PACKAGE_PATH', '/opt/ros/noetic/share'), ('XDG_SESSION_TYPE', 'x11'), ('ROS_ETC_DIR', '/opt/ros/noetic/etc/ros'), ('SHLVL', '1'), ('LD_LIBRARY_PATH', '/opt/ros/foxy/opt/yaml_cpp_vendor/lib:/opt/ros/foxy/opt/rviz_ogre_vendor/lib:/opt/ros/foxy/lib/x86_64-linux-gnu:/opt/ros/foxy/lib:/opt/ros/noetic/lib:/opt/ros/noetic/lib/x86_64-linux-gnu'), ('HOME', '/home/bonato'), ('OLDPWD', '/home/bonato/Documents/Optitrack_ROS2/src/Ros2_ws/src'), ('DESKTOP_SESSION', 'ubuntu'), ('ROS_PYTHON_VERSION', '3'), ('GNOME_SHELL_SESSION_MODE', 'ubuntu'), ('GTK_MODULES', 'gail:atk-bridge'), ('LC_MONETARY', 'de_CH.UTF-8'), ('MANAGERPID', '938'), ('DBUS_SESSION_BUS_ADDRESS', 'unix:path=/run/user/1000/bus'), ('COLORTERM', 'truecolor'), ('IM_CONFIG_PHASE', '1'), ('ROS_DISTRO', 'foxy'), ('LOGNAME', 'bonato'), ('JOURNAL_STREAM', '8:36237'), ('_', '/usr/bin/colcon'), ('ROS_VERSION', '2'), ('PKG_CONFIG_PATH', '/opt/ros/noetic/lib/pkgconfig:/opt/ros/noetic/lib/x86_64-linux-gnu/pkgconfig'), ('XDG_SESSION_CLASS', 'user'), ('USERNAME', 'bonato'), ('TERM', 'xterm-256color'), ('GNOME_DESKTOP_SESSION_ID', 'this-is-deprecated'), ('ROS_LOCALHOST_ONLY', '0'), ('WINDOWPATH', '2'), ('PATH', '/opt/ros/foxy/bin:/opt/ros/noetic/bin:/usr/local/sbin:/usr/local/bin:/usr/sbin:/usr/bin:/sbin:/bin:/usr/games:/usr/local/games:/snap/bin'), ('SESSION_MANAGER', 'local/bonato-Precision-Tower-3620:@/tmp/.ICE-unix/1240,unix/bonato-Precision-Tower-3620:/tmp/.ICE-unix/1240'), ('INVOCATION_ID', '367780f757e54d6e98be57f554827b4c'), ('XDG_MENU_PREFIX', 'gnome-'), ('LC_ADDRESS', 'de_CH.UTF-8'), ('GNOME_TERMINAL_SCREEN', '/org/gnome/Terminal/screen/2410deb8_408a_4072_ac1e_5dd465c6fb11'), ('XDG_RUNTIME_DIR', '/run/user/1000'), ('DISPLAY', ':0'), ('LANG', 'en_US.UTF-8'), ('XDG_CURRENT_DESKTOP', 'ubuntu:GNOME'), ('LC_TELEPHONE', 'de_CH.UTF-8'), ('XMODIFIERS', '@im=ibus'), ('ROSLISP_PACKAGE_DIRECTORIES', ''), ('XDG_SESSION_DESKTOP', 'ubuntu'), ('XAUTHORITY', '/run/user/1000/gdm/Xauthority'), ('LS_COLORS', 'rs=0:di=01;34:ln=01;36:mh=00:pi=40;33:so=01;35:do=01;35:bd=40;33;01:cd=40;33;01:or=40;31;01:mi=00:su=37;41:sg=30;43:ca=30;41:tw=30;42:ow=34;42:st=37;44:ex=01;32:*.tar=01;31:*.tgz=01;31:*.arc=01;31:*.arj=01;31:*.taz=01;31:*.lha=01;31:*.lz4=01;31:*.lzh=01;31:*.lzma=01;31:*.tlz=01;31:*.txz=01;31:*.tzo=01;31:*.t7z=01;31:*.zip=01;31:*.z=01;31:*.dz=01;31:*.gz=01;31:*.lrz=01;31:*.lz=01;31:*.lzo=01;31:*.xz=01;31:*.zst=01;31:*.tzst=01;31:*.bz2=01;31:*.bz=01;31:*.tbz=01;31:*.tbz2=01;31:*.tz=01;31:*.deb=01;31:*.rpm=01;31:*.jar=01;31:*.war=01;31:*.ear=01;31:*.sar=01;31:*.rar=01;31:*.alz=01;31:*.ace=01;31:*.zoo=01;31:*.cpio=01;31:*.7z=01;31:*.rz=01;31:*.cab=01;31:*.wim=01;31:*.swm=01;31:*.dwm=01;31:*.esd=01;31:*.jpg=01;35:*.jpeg=01;35:*.mjpg=01;35:*.mjpeg=01;35:*.gif=01;35:*.bmp=01;35:*.pbm=01;35:*.pgm=01;35:*.ppm=01;35:*.tga=01;35:*.xbm=01;35:*.xpm=01;35:*.tif=01;35:*.tiff=01;35:*.png=01;35:*.svg=01;35:*.svgz=01;35:*.mng=01;35:*.pcx=01;35:*.mov=01;35:*.mpg=01;35:*.mpeg=01;35:*.m2v=01;35:*.mkv=01;35:*.webm=01;35:*.ogm=01;35:*.mp4=01;35:*.m4v=01;35:*.mp4v=01;35:*.vob=01;35:*.qt=01;35:*.nuv=01;35:*.wmv=01;35:*.asf=01;35:*.rm=01;35:*.rmvb=01;35:*.flc=01;35:*.avi=01;35:*.fli=01;35:*.flv=01;35:*.gl=01;35:*.dl=01;35:*.xcf=01;35:*.xwd=01;35:*.yuv=01;35:*.cgm=01;35:*.emf=01;35:*.ogv=01;35:*.ogx=01;35:*.aac=00;36:*.au=00;36:*.flac=00;36:*.m4a=00;36:*.mid=00;36:*.midi=00;36:*.mka=00;36:*.mp3=00;36:*.mpc=00;36:*.ogg=00;36:*.ra=00;36:*.wav=00;36:*.oga=00;36:*.opus=00;36:*.spx=00;36:*.xspf=00;36:'), ('GNOME_TERMINAL_SERVICE', ':1.88'), ('ROS_ROOT', '/opt/ros/noetic/share/ros'), ('SSH_AUTH_SOCK', '/run/user/1000/keyring/ssh'), ('AMENT_PREFIX_PATH', '/opt/ros/foxy'), ('SHELL', '/bin/bash'), ('LC_NAME', 'de_CH.UTF-8'), ('QT_ACCESSIBILITY', '1'), ('ROS_MASTER_URI', 'http://localhost:11311'), ('GDMSESSION', 'ubuntu'), ('LESSCLOSE', '/usr/bin/lesspipe %s %s'), ('LC_MEASUREMENT', 'de_CH.UTF-8'), ('GPG_AGENT_INFO', '/run/user/1000/gnupg/S.gpg-agent:0:1'), ('GJS_DEBUG_OUTPUT', 'stderr'), ('LC_IDENTIFICATION', 'de_CH.UTF-8'), ('QT_IM_MODULE', 'ibus'), ('PWD', '/home/bonato/Documents/Optitrack_ROS2/src/Ros2_ws/build/ros1_bridge'), ('LC_ALL', 'en_US.UTF-8'), ('XDG_CONFIG_DIRS', '/etc/xdg/xdg-ubuntu:/etc/xdg'), ('XDG_DATA_DIRS', '/usr/share/ubuntu:/usr/local/share/:/usr/share/:/var/lib/snapd/desktop'), ('PYTHONPATH', '/opt/ros/foxy/lib/python3.8/site-packages:/opt/ros/noetic/lib/python3/dist-packages'), ('LC_NUMERIC', 'de_CH.UTF-8'), ('LC_PAPER', 'de_CH.UTF-8'), ('COLCON', '1'), ('VTE_VERSION', '6003'), ('CMAKE_PREFIX_PATH', '/opt/ros/foxy:/opt/ros/noetic')]), 'shell': False}
[0.060899] (ros1_bridge) StdoutLine: {'line': b'-- The C compiler identification is GNU 9.4.0\n'}
[0.099386] (-) TimerEvent: {}
[0.106271] (ros1_bridge) StdoutLine: {'line': b'-- The CXX compiler identification is GNU 9.4.0\n'}
[0.110077] (ros1_bridge) StdoutLine: {'line': b'-- Check for working C compiler: /usr/bin/cc\n'}
[0.172088] (ros1_bridge) StdoutLine: {'line': b'-- Check for working C compiler: /usr/bin/cc -- works\n'}
[0.172779] (ros1_bridge) StdoutLine: {'line': b'-- Detecting C compiler ABI info\n'}
[0.199501] (-) TimerEvent: {}
[0.231696] (ros1_bridge) StdoutLine: {'line': b'-- Detecting C compiler ABI info - done\n'}
[0.241548] (ros1_bridge) StdoutLine: {'line': b'-- Detecting C compile features\n'}
[0.241845] (ros1_bridge) StdoutLine: {'line': b'-- Detecting C compile features - done\n'}
[0.243847] (ros1_bridge) StdoutLine: {'line': b'-- Check for working CXX compiler: /usr/bin/c++\n'}
[0.299609] (-) TimerEvent: {}
[0.311896] (ros1_bridge) StdoutLine: {'line': b'-- Check for working CXX compiler: /usr/bin/c++ -- works\n'}
[0.312836] (ros1_bridge) StdoutLine: {'line': b'-- Detecting CXX compiler ABI info\n'}
[0.345274] (ros1_bridge) CommandEnded: {'returncode': -2}
[0.347082] (ros1_bridge) StderrLine: {'line': b'Traceback (most recent call last):\n  File "/usr/lib/python3/dist-packages/colcon_parallel_executor/executor/parallel.py", line 67, in execute\n    loop.run_until_complete(future)\n  File "/usr/lib/python3.8/asyncio/base_events.py", line 603, in run_until_complete\n    self.run_forever()\n  File "/usr/lib/python3.8/asyncio/base_events.py", line 570, in run_forever\n    self._run_once()\n  File "/usr/lib/python3.8/asyncio/base_events.py", line 1823, in _run_once\n    event_list = self._selector.select(timeout)\n  File "/usr/lib/python3.8/selectors.py", line 468, in select\n    fd_event_list = self._selector.poll(timeout, max_ev)\nKeyboardInterrupt\n\nDuring handling of the above exception, another exception occurred:\n\nTraceback (most recent call last):\n  File "/usr/lib/python3/dist-packages/colcon_core/executor/__init__.py", line 91, in __call__\n    rc = await self.task(*args, **kwargs)\n  File "/usr/lib/python3/dist-packages/colcon_core/task/__init__.py", line 93, in __call__\n    return await task_method(*args, **kwargs)\n  File "/usr/lib/python3/dist-packages/colcon_ros/task/ament_cmake/build.py", line 59, in build\n    rc = await extension.build(\n  File "/usr/lib/python3/dist-packages/colcon_cmake/task/cmake/build.py", line 87, in build\n    rc = await self._reconfigure(args, env)\n  File "/usr/lib/python3/dist-packages/colcon_cmake/task/cmake/build.py", line 182, in _reconfigure\n    buildfile = get_buildfile(cmake_cache)\n  File "/usr/lib/python3/dist-packages/colcon_cmake/task/cmake/__init__.py", line 112, in get_buildfile\n    if \'Ninja\' in generator:\nTypeError: argument of type \'NoneType\' is not iterable\n'}
[0.347236] (ros1_bridge) JobEnded: {'identifier': 'ros1_bridge', 'rc': 'SIGINT'}
[0.358155] (-) EventReactorShutdown: {}
