[0.014s] Invoking command in '/home/bonato/Documents/Optitrack_ROS2/src/Ros2_ws/build/ros1_bridge': CMAKE_PREFIX_PATH=/opt/ros/foxy:${CMAKE_PREFIX_PATH} /usr/bin/cmake /home/bonato/Documents/Optitrack_ROS2/src/Ros2_ws/src/ros1_bridge -DCMAKE_INSTALL_PREFIX=/home/bonato/Documents/Optitrack_ROS2/src/Ros2_ws/install/ros1_bridge
[0.277s] -- The C compiler identification is GNU 9.4.0
[0.495s] -- The CXX compiler identification is GNU 9.4.0
[0.502s] -- Check for working C compiler: /usr/bin/cc
[0.563s] -- Check for working C compiler: /usr/bin/cc -- works
[0.564s] -- Detecting C compiler ABI info
[0.624s] -- Detecting C compiler ABI info - done
[0.634s] -- Detecting C compile features
[0.634s] -- Detecting C compile features - done
[0.637s] -- Check for working CXX compiler: /usr/bin/c++
[0.706s] -- Check for working CXX compiler: /usr/bin/c++ -- works
[0.706s] -- Detecting CXX compiler ABI info
[0.775s] -- Detecting CXX compiler ABI info - done
[0.785s] -- Detecting CXX compile features
[0.785s] -- Detecting CXX compile features - done
[0.788s] -- Found rmw: 1.0.3 (/opt/ros/foxy/share/rmw/cmake)
[0.813s] -- Found PythonInterp: /usr/bin/python3 (found suitable version "3.8.10", minimum required is "3") 
[0.813s] -- Using PYTHON_EXECUTABLE: /usr/bin/python3
[1.041s] -- Found rclcpp: 2.4.2 (/opt/ros/foxy/share/rclcpp/cmake)
[1.074s] -- Using all available rosidl_typesupport_c: rosidl_typesupport_fastrtps_c;rosidl_typesupport_introspection_c
[1.083s] -- Found rosidl_adapter: 1.3.0 (/opt/ros/foxy/share/rosidl_adapter/cmake)
[1.175s] -- Found OpenSSL: /usr/lib/x86_64-linux-gnu/libcrypto.so (found version "1.1.1f")  
[1.203s] -- Found FastRTPS: /opt/ros/foxy/include  
[1.272s] -- Using all available rosidl_typesupport_cpp: rosidl_typesupport_fastrtps_cpp;rosidl_typesupport_introspection_cpp
[1.333s] -- Found rmw_implementation_cmake: 1.0.3 (/opt/ros/foxy/share/rmw_implementation_cmake/cmake)
[1.335s] -- Using RMW implementation 'rmw_fastrtps_cpp' as default
[1.337s] -- Looking for pthread.h
[1.405s] -- Looking for pthread.h - found
[1.405s] -- Performing Test CMAKE_HAVE_LIBC_PTHREAD
[1.469s] -- Performing Test CMAKE_HAVE_LIBC_PTHREAD - Failed
[1.469s] -- Looking for pthread_create in pthreads
[1.521s] -- Looking for pthread_create in pthreads - not found
[1.521s] -- Looking for pthread_create in pthread
[1.581s] -- Looking for pthread_create in pthread - found
[1.582s] -- Found Threads: TRUE  
[1.744s] -- Found PkgConfig: /usr/bin/pkg-config (found version "0.29.1") 
[1.749s] -- Checking for module 'roscpp'
[1.766s] --   Found roscpp, version 1.16.0
[1.815s] -- Checking for module 'std_msgs'
[1.831s] --   Found std_msgs, version 0.5.13
[2.506s] -- Checking for module 'actionlib'
[2.523s] --   Found actionlib, version 1.14.0
[2.573s] -- Checking for module 'actionlib_msgs'
[2.589s] --   Found actionlib_msgs, version 1.13.1
[2.634s] -- Checking for module 'actionlib_tutorials'
[2.652s] --   Found actionlib_tutorials, version 0.2.0
[2.702s] -- Checking for module 'bond'
[2.720s] --   Found bond, version 1.8.6
[2.766s] -- Checking for module 'control_msgs'
[2.784s] --   Found control_msgs, version 1.5.2
[2.831s] -- Checking for module 'controller_manager_msgs'
[2.848s] --   Found controller_manager_msgs, version 0.19.6
[2.894s] -- Checking for module 'diagnostic_msgs'
[2.933s] --   Found diagnostic_msgs, version 1.13.1
[3.049s] -- Checking for module 'dynamic_reconfigure'
[3.091s] --   Found dynamic_reconfigure, version 1.7.3
[3.184s] -- Checking for module 'gazebo_msgs'
[3.218s] --   Found gazebo_msgs, version 2.9.2
[3.312s] -- Checking for module 'geometry_msgs'
[3.346s] --   Found geometry_msgs, version 1.13.1
[3.437s] -- Checking for module 'map_msgs'
[3.472s] --   Found map_msgs, version 1.14.1
[3.566s] -- Checking for module 'moveit_msgs'
[3.601s] --   Found moveit_msgs, version 0.11.4
[3.700s] -- Checking for module 'nav_msgs'
[3.733s] --   Found nav_msgs, version 1.13.1
[3.827s] -- Checking for module 'object_recognition_msgs'
[3.860s] --   Found object_recognition_msgs, version 0.4.2
[3.955s] -- Checking for module 'octomap_msgs'
[3.987s] --   Found octomap_msgs, version 0.3.5
[4.014s] Invoked command in '/home/bonato/Documents/Optitrack_ROS2/src/Ros2_ws/build/ros1_bridge' returned '-2': CMAKE_PREFIX_PATH=/opt/ros/foxy:${CMAKE_PREFIX_PATH} /usr/bin/cmake /home/bonato/Documents/Optitrack_ROS2/src/Ros2_ws/src/ros1_bridge -DCMAKE_INSTALL_PREFIX=/home/bonato/Documents/Optitrack_ROS2/src/Ros2_ws/install/ros1_bridge
[4.020s] Traceback (most recent call last):
  File "/usr/lib/python3/dist-packages/colcon_parallel_executor/executor/parallel.py", line 67, in execute
    loop.run_until_complete(future)
  File "/usr/lib/python3.8/asyncio/base_events.py", line 603, in run_until_complete
    self.run_forever()
  File "/usr/lib/python3.8/asyncio/base_events.py", line 570, in run_forever
    self._run_once()
  File "/usr/lib/python3.8/asyncio/base_events.py", line 1823, in _run_once
    event_list = self._selector.select(timeout)
  File "/usr/lib/python3.8/selectors.py", line 468, in select
    fd_event_list = self._selector.poll(timeout, max_ev)
KeyboardInterrupt

During handling of the above exception, another exception occurred:

Traceback (most recent call last):
  File "/usr/lib/python3/dist-packages/colcon_core/executor/__init__.py", line 91, in __call__
    rc = await self.task(*args, **kwargs)
  File "/usr/lib/python3/dist-packages/colcon_core/task/__init__.py", line 93, in __call__
    return await task_method(*args, **kwargs)
  File "/usr/lib/python3/dist-packages/colcon_ros/task/ament_cmake/build.py", line 59, in build
    rc = await extension.build(
  File "/usr/lib/python3/dist-packages/colcon_cmake/task/cmake/build.py", line 87, in build
    rc = await self._reconfigure(args, env)
  File "/usr/lib/python3/dist-packages/colcon_cmake/task/cmake/build.py", line 182, in _reconfigure
    buildfile = get_buildfile(cmake_cache)
  File "/usr/lib/python3/dist-packages/colcon_cmake/task/cmake/__init__.py", line 112, in get_buildfile
    if 'Ninja' in generator:
TypeError: argument of type 'NoneType' is not iterable
